<?xml version="1.0" encoding="utf-8"?><testsuites name="pytest tests"><testsuite name="pytest" errors="0" failures="0" skipped="0" tests="8" time="28.823" timestamp="2026-06-05T19:07:34.282783+02:00" hostname="sphpc-cpu54.icm-institute.org"><testcase classname="tests.test_cross_decoding.TestCrossDecodeFromPredictions" name="test_diagonal_reproduces_self_auc" time="0.144" /><testcase classname="tests.test_cross_decoding.TestCrossDecodeFromPredictions" name="test_shared_and_inverse_labels" time="0.148" /><testcase classname="tests.test_cross_decoding.TestCrossDecodeFromPredictions" name="test_small_overlap_is_nan_and_counted" time="0.126" /><testcase classname="tests.test_cross_decoding.TestCrossDecodeFromPredictions" name="test_matrix_is_square_over_dimensions" time="0.142" /><testcase classname="tests.test_cross_decoding.TestCrossDecodeFromPredictions" name="test_auc_is_averaged_per_subject_not_pooled" time="0.029" /><testcase classname="tests.test_cross_decoding.TestCrossDecodePermutationTest" name="test_pure_correlation_cell_is_not_significant" time="13.333" /><testcase classname="tests.test_cross_decoding.TestCrossDecodePermutationTest" name="test_genuine_within_class_signal_beats_null" time="8.297" /><testcase classname="tests.test_cross_decoding.TestSaveCrossDecodingOutputs" name="test_mean_csv_roundtrips_and_heatmap_written" time="0.294" /></testsuite></testsuites>