<?xml version="1.0" encoding="utf-8"?><testsuites name="pytest tests"><testsuite name="pytest" errors="0" failures="0" skipped="0" tests="49" time="6.904" timestamp="2026-07-31T09:28:31.201872+02:00" hostname="sphpc-cpu26"><testcase classname="tests.test_data_utils.TestCreateLabelContrastThreshold" name="test_above_threshold_is_class_1" time="0.008" /><testcase classname="tests.test_data_utils.TestCreateLabelContrastThreshold" name="test_below_threshold_is_class_0" time="0.007" /><testcase classname="tests.test_data_utils.TestCreateLabelContrastThreshold" name="test_exact_threshold_is_class_0" time="0.006" /><testcase classname="tests.test_data_utils.TestCreateLabelContrastThreshold" name="test_all_rows_kept_in_threshold_mode" time="0.006" /><testcase classname="tests.test_data_utils.TestCreateLabelContrastThreshold" name="test_positive_above_false_inverts_labels" time="0.010" /><testcase classname="tests.test_data_utils.TestCreateLabelContrastThreshold" name="test_empty_dataframe_returns_empty" time="0.007" /><testcase classname="tests.test_data_utils.TestCreateLabelContrastExtremeGroups" name="test_middle_values_excluded" time="0.013" /><testcase classname="tests.test_data_utils.TestCreateLabelContrastExtremeGroups" name="test_at_low_threshold_is_class_0" time="0.009" /><testcase classname="tests.test_data_utils.TestCreateLabelContrastExtremeGroups" name="test_at_high_threshold_is_class_1" time="0.008" /><testcase classname="tests.test_data_utils.TestCreateLabelContrastExtremeGroups" name="test_extreme_groups_produce_two_classes" time="0.012" /><testcase classname="tests.test_data_utils.TestCreateLabelContrastExtremeGroups" name="test_all_middle_returns_empty" time="0.011" /><testcase classname="tests.test_data_utils.TestResidualizeWithinSubject" name="test_perfect_linear_relationship_gives_near_zero_residuals" time="0.006" /><testcase classname="tests.test_data_utils.TestResidualizeWithinSubject" name="test_independent_predictor_leaves_target_mostly_unchanged" time="0.006" /><testcase classname="tests.test_data_utils.TestResidualizeWithinSubject" name="test_subject_below_min_valid_is_excluded" time="0.005" /><testcase classname="tests.test_data_utils.TestResidualizeWithinSubject" name="test_mixed_subjects_only_low_data_one_excluded" time="0.009" /><testcase classname="tests.test_data_utils.TestResidualizeWithinSubject" name="test_row_with_missing_predictor_is_nan_even_if_subject_included" time="0.007" /><testcase classname="tests.test_data_utils.TestResidualizeWithinSubject" name="test_multiple_predictors_supported" time="0.006" /><testcase classname="tests.test_data_utils.TestCreateLabelContrastLinearResidual" name="test_missing_residualize_against_raises" time="0.005" /><testcase classname="tests.test_data_utils.TestCreateLabelContrastLinearResidual" name="test_unknown_predictor_column_raises" time="0.009" /><testcase classname="tests.test_data_utils.TestCreateLabelContrastLinearResidual" name="test_excluded_subject_has_no_rows_in_final_output" time="0.013" /><testcase classname="tests.test_data_utils.TestCreateLabelContrastLinearResidual" name="test_split_runs_on_residualized_column_not_raw" time="0.011" /><testcase classname="tests.test_data_utils.TestCreateLabelContrastMidpointSqResidualCross" name="test_missing_residualize_against_raises" time="0.005" /><testcase classname="tests.test_data_utils.TestCreateLabelContrastMidpointSqResidualCross" name="test_unknown_predictor_column_raises" time="0.004" /><testcase classname="tests.test_data_utils.TestCreateLabelContrastMidpointSqResidualCross" name="test_perfect_joint_fit_collapses_to_near_zero" time="0.005" /><testcase classname="tests.test_data_utils.TestCreateLabelContrastMidpointSqResidualCross" name="test_own_linear_dimension_used_even_if_others_are_noise" time="0.006" /><testcase classname="tests.test_data_utils.TestCreateLabelContrastMidpointSqResidualCross" name="test_subject_below_min_valid_excluded_from_final_output" time="0.012" /><testcase classname="tests.test_data_utils.TestFilterParticipantsByBalance" name="test_removes_all_one_class" time="0.008" /><testcase classname="tests.test_data_utils.TestFilterParticipantsByBalance" name="test_keeps_exactly_at_threshold" time="0.010" /><testcase classname="tests.test_data_utils.TestFilterParticipantsByBalance" name="test_removes_just_below_threshold" time="0.007" /><testcase classname="tests.test_data_utils.TestFilterParticipantsByBalance" name="test_zero_threshold_keeps_all" time="0.005" /><testcase classname="tests.test_data_utils.TestFilterParticipantsByBalance" name="test_threshold_1_removes_all_unbalanced" time="0.010" /><testcase classname="tests.test_data_utils.TestFilterParticipantsByBalance" name="test_multiple_subjects_correct_subset" time="0.008" /><testcase classname="tests.test_data_utils.TestFilterParticipantsByBalance" name="test_output_contains_all_rows_for_kept_subjects" time="0.006" /><testcase classname="tests.test_data_utils.TestFilterParticipantsBySampleCount" name="test_removes_subject_below_threshold" time="0.007" /><testcase classname="tests.test_data_utils.TestFilterParticipantsBySampleCount" name="test_keeps_subject_at_exact_threshold" time="0.005" /><testcase classname="tests.test_data_utils.TestFilterParticipantsBySampleCount" name="test_keeps_all_above_threshold" time="0.005" /><testcase classname="tests.test_data_utils.TestFilterParticipantsBySampleCount" name="test_zero_min_samples_keeps_all" time="0.004" /><testcase classname="tests.test_data_utils.TestFilterParticipantsBySampleCount" name="test_all_removed_returns_empty" time="0.007" /><testcase classname="tests.test_data_utils.TestGetFeatureColumns" name="test_excludes_standard_metadata" time="0.007" /><testcase classname="tests.test_data_utils.TestGetFeatureColumns" name="test_returns_list" time="0.007" /><testcase classname="tests.test_data_utils.TestGetFeatureColumns" name="test_no_metadata_only_df_returns_empty" time="0.004" /><testcase classname="tests.test_data_utils.TestGetFeatureColumns" name="test_all_feature_cols_returned_from_synthetic_data" time="0.006" /><testcase classname="tests.test_data_utils.TestPivotToWide" name="test_wide_has_one_row_per_probe" time="0.032" /><testcase classname="tests.test_data_utils.TestPivotToWide" name="test_metadata_columns_preserved" time="0.020" /><testcase classname="tests.test_data_utils.TestPivotToWide" name="test_feature_columns_created" time="0.028" /><testcase classname="tests.test_data_utils.TestPivotToWide" name="test_no_missing_values_in_features" time="0.020" /><testcase classname="tests.test_data_utils.TestGetProjectRoot" name="test_returns_path" time="0.004" /><testcase classname="tests.test_data_utils.TestGetProjectRoot" name="test_root_exists" time="0.004" /><testcase classname="tests.test_data_utils.TestGetProjectRoot" name="test_root_contains_expected_directories" time="0.004" /></testsuite></testsuites>