<?xml version="1.0" encoding="utf-8"?><testsuites name="pytest tests"><testsuite name="pytest" errors="0" failures="0" skipped="0" tests="191" time="5413.099" timestamp="2026-08-12T16:38:21.314845+02:00" hostname="sphpc-cpu52"><testcase classname="tests.test_analysis_pipeline.TestHelperFunctions" name="test_compute_correlations_returns_sorted_list" time="0.502" /><testcase classname="tests.test_analysis_pipeline.TestHelperFunctions" name="test_compute_correlations_all_values_nonnegative" time="0.391" /><testcase classname="tests.test_analysis_pipeline.TestHelperFunctions" name="test_compute_correlations_feature_0_has_highest" time="0.249" /><testcase classname="tests.test_analysis_pipeline.TestHelperFunctions" name="test_compute_correlations_skips_constant_feature" time="0.472" /><testcase classname="tests.test_analysis_pipeline.TestHelperFunctions" name="test_build_filename_base_single" time="0.052" /><testcase classname="tests.test_analysis_pipeline.TestHelperFunctions" name="test_build_filename_base_multi" time="0.026" /><testcase classname="tests.test_analysis_pipeline.TestHelperFunctions" name="test_get_run_dir_single_returns_base" time="0.111" /><testcase classname="tests.test_analysis_pipeline.TestHelperFunctions" name="test_get_run_dir_multi_creates_subdir" time="0.052" /><testcase classname="tests.test_analysis_pipeline.TestHelperFunctions" name="test_get_permutation_dir_is_inside_permutation_subdir" time="0.048" /><testcase classname="tests.test_analysis_pipeline.TestRunDistributionAnalysis" name="test_returns_nonempty_dataframe" time="222.233" /><testcase classname="tests.test_analysis_pipeline.TestRunDistributionAnalysis" name="test_result_has_one_row_per_subject" time="182.243" /><testcase classname="tests.test_analysis_pipeline.TestRunDistributionAnalysis" name="test_result_has_metric_columns" time="248.294" /><testcase classname="tests.test_analysis_pipeline.TestRunDistributionAnalysis" name="test_auc_values_in_valid_range" time="387.221" /><testcase classname="tests.test_analysis_pipeline.TestRunDistributionAnalysis" name="test_summary_csv_saved" time="207.966" /><testcase classname="tests.test_analysis_pipeline.TestRunDistributionAnalysis" name="test_probabilities_csv_saved" time="226.878" /><testcase classname="tests.test_analysis_pipeline.TestRunDistributionAnalysis" name="test_subject_metrics_csv_saved" time="143.732" /><testcase classname="tests.test_analysis_pipeline.TestRunDistributionAnalysis" name="test_feature_importances_csv_saved" time="184.517" /><testcase classname="tests.test_analysis_pipeline.TestRunDistributionAnalysis" name="test_no_csvs_when_save_disabled" time="108.460" /><testcase classname="tests.test_analysis_pipeline.TestRunDistributionAnalysis" name="test_multi_run_creates_run_subdirs" time="393.059" /><testcase classname="tests.test_analysis_pipeline.TestRunDistributionAnalysis" name="test_multi_run_result_still_per_subject" time="352.064" /><testcase classname="tests.test_analysis_pipeline.TestRunDistributionAnalysis" name="test_used_config_yaml_saved" time="142.260" /><testcase classname="tests.test_analysis_pipeline.TestRunPermutationAnalysis" name="test_returns_dataframe_and_dict" time="168.281" /><testcase classname="tests.test_analysis_pipeline.TestRunPermutationAnalysis" name="test_p_value_in_zero_one_range" time="209.229" /><testcase classname="tests.test_analysis_pipeline.TestRunPermutationAnalysis" name="test_perm_summary_has_p_for_each_metric" time="128.181" /><testcase classname="tests.test_analysis_pipeline.TestRunPermutationAnalysis" name="test_zero_permutations_returns_empty" time="0.023" /><testcase classname="tests.test_analysis_pipeline.TestRunPermutationAnalysis" name="test_permutation_csv_in_permutation_subdir" time="157.262" /><testcase classname="tests.test_analysis_pipeline.TestRunPermutationAnalysis" name="test_permutation_result_has_auc_column" time="203.468" /><testcase classname="tests.test_confidence_plots.TestSaveProbabilitiesConfidence" name="test_confidence_column_written" time="0.037" /><testcase classname="tests.test_confidence_plots.TestSaveProbabilitiesConfidence" name="test_confidence_values_match_source" time="0.054" /><testcase classname="tests.test_confidence_plots.TestSaveProbabilitiesConfidence" name="test_no_confidence_column_still_works" time="0.062" /><testcase classname="tests.test_confidence_plots.TestConsolidatePredictionsConfidence" name="test_confidence_first_column_present" time="0.099" /><testcase classname="tests.test_confidence_plots.TestConsolidatePredictionsConfidence" name="test_confidence_first_values_are_numeric" time="0.085" /><testcase classname="tests.test_confidence_plots.TestConsolidatePredictionsConfidence" name="test_without_confidence_still_consolidates" time="0.072" /><testcase classname="tests.test_confidence_plots.TestPlotProbabilityVsRaw" name="test_generates_onoff_plots" time="25.703" /><testcase classname="tests.test_confidence_plots.TestPlotProbabilityVsRaw" name="test_generates_confidence_plots" time="15.082" /><testcase classname="tests.test_confidence_plots.TestPlotProbabilityVsRaw" name="test_no_confidence_col_still_generates_onoff" time="8.283" /><testcase classname="tests.test_confidence_plots.TestPlotProbabilityVsRaw" name="test_no_raw_cols_prints_warning" time="0.017" /><testcase classname="tests.test_confidence_weighting.TestComputeWithinSubjectConfidenceWeights" name="test_within_subject_minmax_maps_to_floor_and_one" time="0.007" /><testcase classname="tests.test_confidence_weighting.TestComputeWithinSubjectConfidenceWeights" name="test_constant_confidence_subject_is_neutral" time="0.010" /><testcase classname="tests.test_confidence_weighting.TestComputeWithinSubjectConfidenceWeights" name="test_subjects_normalized_independently" time="0.006" /><testcase classname="tests.test_confidence_weighting.TestComputeWithinSubjectConfidenceWeights" name="test_unknown_normalization_raises" time="0.005" /><testcase classname="tests.test_confidence_weighting.TestWeightInterpolationThroughSmote" name="test_returns_weights_aligned_to_expanded_set" time="0.034" /><testcase classname="tests.test_confidence_weighting.TestWeightInterpolationThroughSmote" name="test_synthetic_weights_do_not_extrapolate" time="0.011" /><testcase classname="tests.test_confidence_weighting.TestWeightInterpolationThroughSmote" name="test_weight_column_not_leaked_into_features" time="0.011" /><testcase classname="tests.test_confidence_weighting.TestSampleWeightPlumbingLOSO" name="test_runs_with_sample_weights_within_scope" time="3.761" /><testcase classname="tests.test_confidence_weighting.TestSampleWeightPlumbingLOSO" name="test_sample_weights_with_global_scope_raises" time="0.023" /><testcase classname="tests.test_confidence_weighting.TestSampleWeightPlumbingLOSO" name="test_sample_weights_with_oneclass_raises" time="0.022" /><testcase classname="tests.test_confidence_weighting.TestBuildConfidenceSampleWeights" name="test_absent_block_returns_none" time="0.016" /><testcase classname="tests.test_confidence_weighting.TestBuildConfidenceSampleWeights" name="test_disabled_block_returns_none" time="0.010" /><testcase classname="tests.test_confidence_weighting.TestBuildConfidenceSampleWeights" name="test_enabled_returns_weights_in_range" time="0.021" /><testcase classname="tests.test_confidence_weighting.TestBuildConfidenceSampleWeights" name="test_enabled_without_confidence_column_raises" time="0.054" /><testcase classname="tests.test_confidence_weighting.TestBuildConfidenceSampleWeights" name="test_enabled_with_nan_confidence_raises" time="0.026" /><testcase classname="tests.test_cross_decoding.TestCrossDecodeFromPredictions" name="test_diagonal_reproduces_self_auc" time="0.607" /><testcase classname="tests.test_cross_decoding.TestCrossDecodeFromPredictions" name="test_shared_and_inverse_labels" time="0.700" /><testcase classname="tests.test_cross_decoding.TestCrossDecodeFromPredictions" name="test_small_overlap_is_nan_and_counted" time="0.636" /><testcase classname="tests.test_cross_decoding.TestCrossDecodeFromPredictions" name="test_matrix_is_square_over_dimensions" time="0.631" /><testcase classname="tests.test_cross_decoding.TestCrossDecodeFromPredictions" name="test_auc_is_averaged_per_subject_not_pooled" time="0.099" /><testcase classname="tests.test_cross_decoding.TestCrossDecodePermutationTest" name="test_pure_correlation_cell_is_not_significant" time="24.019" /><testcase classname="tests.test_cross_decoding.TestCrossDecodePermutationTest" name="test_genuine_within_class_signal_beats_null" time="25.563" /><testcase classname="tests.test_cross_decoding.TestSaveCrossDecodingOutputs" name="test_mean_csv_roundtrips_and_heatmap_written" time="0.496" /><testcase classname="tests.test_data_utils.TestCreateLabelContrastThreshold" name="test_above_threshold_is_class_1" time="0.010" /><testcase classname="tests.test_data_utils.TestCreateLabelContrastThreshold" name="test_below_threshold_is_class_0" time="0.009" /><testcase classname="tests.test_data_utils.TestCreateLabelContrastThreshold" name="test_exact_threshold_is_class_0" time="0.009" /><testcase classname="tests.test_data_utils.TestCreateLabelContrastThreshold" name="test_all_rows_kept_in_threshold_mode" time="0.008" /><testcase classname="tests.test_data_utils.TestCreateLabelContrastThreshold" name="test_positive_above_false_inverts_labels" time="0.009" /><testcase classname="tests.test_data_utils.TestCreateLabelContrastThreshold" name="test_empty_dataframe_returns_empty" time="0.009" /><testcase classname="tests.test_data_utils.TestCreateLabelContrastExtremeGroups" name="test_middle_values_excluded" time="0.011" /><testcase classname="tests.test_data_utils.TestCreateLabelContrastExtremeGroups" name="test_at_low_threshold_is_class_0" time="0.010" /><testcase classname="tests.test_data_utils.TestCreateLabelContrastExtremeGroups" name="test_at_high_threshold_is_class_1" time="0.009" /><testcase classname="tests.test_data_utils.TestCreateLabelContrastExtremeGroups" name="test_extreme_groups_produce_two_classes" time="0.016" /><testcase classname="tests.test_data_utils.TestCreateLabelContrastExtremeGroups" name="test_all_middle_returns_empty" time="0.010" /><testcase classname="tests.test_data_utils.TestResidualizeWithinSubject" name="test_perfect_linear_relationship_gives_near_zero_residuals" time="0.008" /><testcase classname="tests.test_data_utils.TestResidualizeWithinSubject" name="test_independent_predictor_leaves_target_mostly_unchanged" time="0.007" /><testcase classname="tests.test_data_utils.TestResidualizeWithinSubject" name="test_subject_below_min_valid_is_excluded" time="0.006" /><testcase classname="tests.test_data_utils.TestResidualizeWithinSubject" name="test_mixed_subjects_only_low_data_one_excluded" time="0.011" /><testcase classname="tests.test_data_utils.TestResidualizeWithinSubject" name="test_row_with_missing_predictor_is_nan_even_if_subject_included" time="0.007" /><testcase classname="tests.test_data_utils.TestResidualizeWithinSubject" name="test_multiple_predictors_supported" time="0.006" /><testcase classname="tests.test_data_utils.TestCreateLabelContrastLinearResidual" name="test_missing_residualize_against_raises" time="0.013" /><testcase classname="tests.test_data_utils.TestCreateLabelContrastLinearResidual" name="test_unknown_predictor_column_raises" time="0.005" /><testcase classname="tests.test_data_utils.TestCreateLabelContrastLinearResidual" name="test_excluded_subject_has_no_rows_in_final_output" time="0.017" /><testcase classname="tests.test_data_utils.TestCreateLabelContrastLinearResidual" name="test_split_runs_on_residualized_column_not_raw" time="0.021" /><testcase classname="tests.test_data_utils.TestCreateLabelContrastMidpointSqResidualCross" name="test_missing_residualize_against_raises" time="0.005" /><testcase classname="tests.test_data_utils.TestCreateLabelContrastMidpointSqResidualCross" name="test_unknown_predictor_column_raises" time="0.006" /><testcase classname="tests.test_data_utils.TestCreateLabelContrastMidpointSqResidualCross" name="test_perfect_joint_fit_collapses_to_near_zero" time="0.011" /><testcase classname="tests.test_data_utils.TestCreateLabelContrastMidpointSqResidualCross" name="test_own_linear_dimension_used_even_if_others_are_noise" time="0.007" /><testcase classname="tests.test_data_utils.TestCreateLabelContrastMidpointSqResidualCross" name="test_subject_below_min_valid_excluded_from_final_output" time="0.028" /><testcase classname="tests.test_data_utils.TestFilterParticipantsByBalance" name="test_removes_all_one_class" time="0.022" /><testcase classname="tests.test_data_utils.TestFilterParticipantsByBalance" name="test_keeps_exactly_at_threshold" time="0.008" /><testcase classname="tests.test_data_utils.TestFilterParticipantsByBalance" name="test_removes_just_below_threshold" time="0.009" /><testcase classname="tests.test_data_utils.TestFilterParticipantsByBalance" name="test_zero_threshold_keeps_all" time="0.008" /><testcase classname="tests.test_data_utils.TestFilterParticipantsByBalance" name="test_threshold_1_removes_all_unbalanced" time="0.011" /><testcase classname="tests.test_data_utils.TestFilterParticipantsByBalance" name="test_multiple_subjects_correct_subset" time="0.010" /><testcase classname="tests.test_data_utils.TestFilterParticipantsByBalance" name="test_output_contains_all_rows_for_kept_subjects" time="0.007" /><testcase classname="tests.test_data_utils.TestFilterParticipantsBySampleCount" name="test_removes_subject_below_threshold" time="0.009" /><testcase classname="tests.test_data_utils.TestFilterParticipantsBySampleCount" name="test_keeps_subject_at_exact_threshold" time="0.006" /><testcase classname="tests.test_data_utils.TestFilterParticipantsBySampleCount" name="test_keeps_all_above_threshold" time="0.006" /><testcase classname="tests.test_data_utils.TestFilterParticipantsBySampleCount" name="test_zero_min_samples_keeps_all" time="0.005" /><testcase classname="tests.test_data_utils.TestFilterParticipantsBySampleCount" name="test_all_removed_returns_empty" time="0.008" /><testcase classname="tests.test_data_utils.TestGetFeatureColumns" name="test_excludes_standard_metadata" time="0.006" /><testcase classname="tests.test_data_utils.TestGetFeatureColumns" name="test_returns_list" time="0.009" /><testcase classname="tests.test_data_utils.TestGetFeatureColumns" name="test_no_metadata_only_df_returns_empty" time="0.005" /><testcase classname="tests.test_data_utils.TestGetFeatureColumns" name="test_all_feature_cols_returned_from_synthetic_data" time="0.007" /><testcase classname="tests.test_data_utils.TestPivotToWide" name="test_wide_has_one_row_per_probe" time="0.024" /><testcase classname="tests.test_data_utils.TestPivotToWide" name="test_metadata_columns_preserved" time="0.027" /><testcase classname="tests.test_data_utils.TestPivotToWide" name="test_feature_columns_created" time="0.020" /><testcase classname="tests.test_data_utils.TestPivotToWide" name="test_no_missing_values_in_features" time="0.021" /><testcase classname="tests.test_data_utils.TestGetProjectRoot" name="test_returns_path" time="0.006" /><testcase classname="tests.test_data_utils.TestGetProjectRoot" name="test_root_exists" time="0.005" /><testcase classname="tests.test_data_utils.TestGetProjectRoot" name="test_root_contains_expected_directories" time="0.006" /><testcase classname="tests.test_feature_filter.TestFamilyAll" name="test_all_returns_original" time="0.015" /><testcase classname="tests.test_feature_filter.TestFamilyAll" name="test_all_with_single_column" time="0.013" /><testcase classname="tests.test_feature_filter.TestFamilyAll" name="test_all_with_many_columns" time="0.013" /><testcase classname="tests.test_feature_filter.TestFamilySpectral" name="test_selects_power_columns" time="0.009" /><testcase classname="tests.test_feature_filter.TestFamilySpectral" name="test_selects_normalized_power" time="0.011" /><testcase classname="tests.test_feature_filter.TestFamilySpectral" name="test_count_matches" time="0.008" /><testcase classname="tests.test_feature_filter.TestFamilyConnectivity" name="test_selects_wsmi_columns" time="0.011" /><testcase classname="tests.test_feature_filter.TestFamilyConnectivity" name="test_excludes_wsmi_gamma_not_in_family" time="0.007" /><testcase classname="tests.test_feature_filter.TestFamilyERP" name="test_selects_erp_components" time="0.007" /><testcase classname="tests.test_feature_filter.TestFamilyInformationTheory" name="test_selects_pe_and_kolmogorov" time="0.007" /><testcase classname="tests.test_feature_filter.TestFamilyErrors" name="test_no_matching_columns_raises" time="0.005" /><testcase classname="tests.test_feature_filter.TestFamilyErrors" name="test_empty_dataframe_raises" time="0.005" /><testcase classname="tests.test_feature_filter.TestFamilyReturnValues" name="test_returns_dataframe" time="0.011" /><testcase classname="tests.test_feature_filter.TestFamilyReturnValues" name="test_values_preserved" time="0.007" /><testcase classname="tests.test_feature_filter.TestFamilyReturnValues" name="test_column_order_preserved" time="0.007" /><testcase classname="tests.test_feature_filter.TestFamilyReturnValues" name="test_index_preserved" time="0.007" /><testcase classname="tests.test_feature_filter.TestFamilyReturnValues" name="test_n_rows_unchanged" time="0.007" /><testcase classname="tests.test_feature_filter.TestFamilyIdempotence" name="test_double_filter_equals_single" time="0.012" /><testcase classname="tests.test_feature_filter.TestFamilyIdempotence" name="test_filter_of_superset_matches_filter_of_subset" time="0.008" /><testcase classname="tests.test_fold_importances.TestWithoutFeatureSelection" name="test_importances_are_not_all_zero" time="0.069" /><testcase classname="tests.test_fold_importances.TestWithoutFeatureSelection" name="test_matches_classifier_vector_exactly" time="0.139" /><testcase classname="tests.test_fold_importances.TestWithoutFeatureSelection" name="test_informative_features_rank_highest" time="0.419" /><testcase classname="tests.test_fold_importances.TestWithFeatureSelection" name="test_scattered_to_selected_positions" time="0.067" /><testcase classname="tests.test_fold_importances.TestWithFeatureSelection" name="test_total_importance_preserved" time="0.088" /><testcase classname="tests.test_fold_importances.TestUninterpretableShapes" name="test_pca_returns_zeros" time="0.095" /><testcase classname="tests.test_fold_importances.TestUninterpretableShapes" name="test_classifier_without_importances_returns_zeros" time="0.023" /><testcase classname="tests.test_fold_importances.TestUninterpretableShapes" name="test_length_mismatch_raises" time="0.028" /><testcase classname="tests.test_ml_pipeline.TestBuildModelPipeline" name="test_lr_builds" time="0.009" /><testcase classname="tests.test_ml_pipeline.TestBuildModelPipeline" name="test_rf_builds" time="0.009" /><testcase classname="tests.test_ml_pipeline.TestBuildModelPipeline" name="test_invalid_model_raises" time="0.020" /><testcase classname="tests.test_ml_pipeline.TestBuildModelPipeline" name="test_feature_selection_included" time="0.009" /><testcase classname="tests.test_ml_pipeline.TestBuildModelPipeline" name="test_feature_selection_none_excluded" time="0.010" /><testcase classname="tests.test_ml_pipeline.TestBuildModelPipeline" name="test_mutual_info_selection_builds" time="0.016" /><testcase classname="tests.test_ml_pipeline.TestBuildModelPipeline" name="test_mrmr_selection_builds" time="0.008" /><testcase classname="tests.test_ml_pipeline.TestBuildModelPipeline" name="test_lmm_encoding_selection_builds" time="0.009" /><testcase classname="tests.test_ml_pipeline.TestBuildModelPipeline" name="test_standard_scaler_included" time="0.008" /><testcase classname="tests.test_ml_pipeline.TestBuildModelPipeline" name="test_minmax_scaler_included" time="0.014" /><testcase classname="tests.test_ml_pipeline.TestBuildModelPipeline" name="test_robust_scaler_included" time="0.008" /><testcase classname="tests.test_ml_pipeline.TestBuildModelPipeline" name="test_no_scaler" time="0.008" /><testcase classname="tests.test_ml_pipeline.TestBuildModelPipeline" name="test_pca_included" time="0.008" /><testcase classname="tests.test_ml_pipeline.TestBuildModelPipeline" name="test_no_pca_by_default" time="0.009" /><testcase classname="tests.test_ml_pipeline.TestBuildModelPipeline" name="test_smote_included" time="0.014" /><testcase classname="tests.test_ml_pipeline.TestBuildModelPipeline" name="test_no_smote_by_default" time="0.008" /><testcase classname="tests.test_ml_pipeline.TestBuildModelPipeline" name="test_pipeline_fits_and_predicts" time="0.035" /><testcase classname="tests.test_ml_pipeline.TestBuildModelPipeline" name="test_rf_predicts_proba" time="0.358" /><testcase classname="tests.test_ml_pipeline.TestBuildModelPipeline" name="test_k_all_uses_all_features" time="0.040" /><testcase classname="tests.test_ml_pipeline.TestRunModelPipelineCVLOSO" name="test_returns_dataframe" time="59.106" /><testcase classname="tests.test_ml_pipeline.TestRunModelPipelineCVLOSO" name="test_has_all_metric_columns" time="62.411" /><testcase classname="tests.test_ml_pipeline.TestRunModelPipelineCVLOSO" name="test_fold_details_keys" time="77.680" /><testcase classname="tests.test_ml_pipeline.TestRunModelPipelineCVLOSO" name="test_no_subject_leakage" time="82.964" /><testcase classname="tests.test_ml_pipeline.TestRunModelPipelineCVLOSO" name="test_n_folds_equals_n_subjects" time="103.348" /><testcase classname="tests.test_ml_pipeline.TestRunModelPipelineCVLOSO" name="test_one_subject_per_fold" time="123.303" /><testcase classname="tests.test_ml_pipeline.TestRunModelPipelineCVLOSO" name="test_subject_metrics_one_per_subject" time="116.269" /><testcase classname="tests.test_ml_pipeline.TestRunModelPipelineCVLOSO" name="test_subject_metrics_subjects_match_groups" time="114.535" /><testcase classname="tests.test_ml_pipeline.TestRunModelPipelineCVLOSO" name="test_auc_in_valid_range" time="77.728" /><testcase classname="tests.test_ml_pipeline.TestRunModelPipelineCVLOSO" name="test_auprc_in_valid_range" time="81.461" /><testcase classname="tests.test_ml_pipeline.TestRunModelPipelineCVLOSO" name="test_mcc_in_valid_range" time="71.541" /><testcase classname="tests.test_ml_pipeline.TestRunModelPipelineCVLOSO" name="test_balanced_accuracy_in_valid_range" time="63.696" /><testcase classname="tests.test_ml_pipeline.TestRunModelPipelineCVLOSO" name="test_same_seed_same_auc" time="107.471" /><testcase classname="tests.test_ml_pipeline.TestRunModelPipelineCVLOSO" name="test_different_seed_may_differ" time="95.639" /><testcase classname="tests.test_ml_pipeline.TestRunModelPipelineCVLOSO" name="test_rf_model_runs" time="55.398" /><testcase classname="tests.test_ml_pipeline.TestRunModelPipelineCVLOSO" name="test_within_subject_smote_runs" time="53.516" /><testcase classname="tests.test_ml_pipeline.TestRunModelPipelineCVLOSO" name="test_global_scaling_runs" time="55.350" /><testcase classname="tests.test_ml_pipeline.TestRunModelPipelineCVLOSO" name="test_within_scaling_runs" time="56.373" /><testcase classname="tests.test_ml_pipeline.TestRunModelPipelineCVLOSO" name="test_fold_auc_std_computed" time="49.039" /><testcase classname="tests.test_ml_pipeline.TestOversampling" name="test_get_smote" time="0.013" /><testcase classname="tests.test_ml_pipeline.TestOversampling" name="test_get_svmsmote" time="0.005" /><testcase classname="tests.test_ml_pipeline.TestOversampling" name="test_get_adasyn" time="0.005" /><testcase classname="tests.test_ml_pipeline.TestOversampling" name="test_get_smotetomek" time="0.005" /><testcase classname="tests.test_ml_pipeline.TestOversampling" name="test_unknown_method_raises" time="0.006" /><testcase classname="tests.test_ml_pipeline.TestOversampling" name="test_within_oversampling_increases_minority" time="0.011" /><testcase classname="tests.test_ml_pipeline.TestOversampling" name="test_within_oversampling_no_error_single_class" time="0.010" /><testcase classname="tests.test_ml_pipeline.TestOversampling" name="test_within_oversampling_preserves_subjects" time="0.020" /><testcase classname="tests.test_ml_pipeline.TestMRMRFeatureSelector" name="test_selects_k_features" time="6.947" /><testcase classname="tests.test_ml_pipeline.TestMRMRFeatureSelector" name="test_transforms_correctly" time="5.968" /><testcase classname="tests.test_ml_pipeline.TestMRMRFeatureSelector" name="test_not_fitted_raises" time="0.011" /><testcase classname="tests.test_ml_pipeline.TestMRMRFeatureSelector" name="test_k_capped_at_n_features" time="7.361" /><testcase classname="tests.test_ml_pipeline.TestLMMEncodingFeatureSelector" name="test_requires_groups" time="0.005" /><testcase classname="tests.test_ml_pipeline.TestLMMEncodingFeatureSelector" name="test_selects_k_features_with_groups" time="1.929" /><testcase classname="tests.test_ml_pipeline.TestLMMEncodingFeatureSelector" name="test_pvalues_in_zero_one" time="0.050" /><testcase classname="tests.test_performance" name="test_pipeline_learns_good_data" time="38.726" /><testcase classname="tests.test_performance" name="test_pipeline_fails_on_random_noise" time="42.650" /></testsuite></testsuites>