<?xml version="1.0" encoding="utf-8"?><testsuites name="pytest tests"><testsuite name="pytest" errors="0" failures="0" skipped="0" tests="134" time="1295.598" timestamp="2026-03-05T09:12:29.514031-03:00" hostname="ICM-LEVY-MP019"><testcase classname="tests.test_analysis_pipeline.TestHelperFunctions" name="test_compute_correlations_returns_sorted_list" time="0.009" /><testcase classname="tests.test_analysis_pipeline.TestHelperFunctions" name="test_compute_correlations_all_values_nonnegative" time="0.004" /><testcase classname="tests.test_analysis_pipeline.TestHelperFunctions" name="test_compute_correlations_feature_0_has_highest" time="0.003" /><testcase classname="tests.test_analysis_pipeline.TestHelperFunctions" name="test_compute_correlations_skips_constant_feature" time="0.004" /><testcase classname="tests.test_analysis_pipeline.TestHelperFunctions" name="test_build_filename_base_single" time="0.000" /><testcase classname="tests.test_analysis_pipeline.TestHelperFunctions" name="test_build_filename_base_multi" time="0.000" /><testcase classname="tests.test_analysis_pipeline.TestHelperFunctions" name="test_get_run_dir_single_returns_base" time="0.014" /><testcase classname="tests.test_analysis_pipeline.TestHelperFunctions" name="test_get_run_dir_multi_creates_subdir" time="0.001" /><testcase classname="tests.test_analysis_pipeline.TestHelperFunctions" name="test_get_permutation_dir_is_inside_permutation_subdir" time="0.001" /><testcase classname="tests.test_analysis_pipeline.TestRunDistributionAnalysis" name="test_returns_nonempty_dataframe" time="46.872" /><testcase classname="tests.test_analysis_pipeline.TestRunDistributionAnalysis" name="test_result_has_one_row_per_subject" time="48.031" /><testcase classname="tests.test_analysis_pipeline.TestRunDistributionAnalysis" name="test_result_has_metric_columns" time="48.494" /><testcase classname="tests.test_analysis_pipeline.TestRunDistributionAnalysis" name="test_auc_values_in_valid_range" time="50.016" /><testcase classname="tests.test_analysis_pipeline.TestRunDistributionAnalysis" name="test_summary_csv_saved" time="49.183" /><testcase classname="tests.test_analysis_pipeline.TestRunDistributionAnalysis" name="test_probabilities_csv_saved" time="49.269" /><testcase classname="tests.test_analysis_pipeline.TestRunDistributionAnalysis" name="test_subject_metrics_csv_saved" time="48.362" /><testcase classname="tests.test_analysis_pipeline.TestRunDistributionAnalysis" name="test_feature_importances_csv_saved" time="48.261" /><testcase classname="tests.test_analysis_pipeline.TestRunDistributionAnalysis" name="test_no_csvs_when_save_disabled" time="34.581" /><testcase classname="tests.test_analysis_pipeline.TestRunDistributionAnalysis" name="test_multi_run_creates_run_subdirs" time="91.869" /><testcase classname="tests.test_analysis_pipeline.TestRunDistributionAnalysis" name="test_multi_run_result_still_per_subject" time="93.873" /><testcase classname="tests.test_analysis_pipeline.TestRunDistributionAnalysis" name="test_used_config_yaml_saved" time="46.617" /><testcase classname="tests.test_analysis_pipeline.TestRunPermutationAnalysis" name="test_returns_dataframe_and_dict" time="66.313" /><testcase classname="tests.test_analysis_pipeline.TestRunPermutationAnalysis" name="test_p_value_in_zero_one_range" time="95.927" /><testcase classname="tests.test_analysis_pipeline.TestRunPermutationAnalysis" name="test_perm_summary_has_p_for_each_metric" time="66.714" /><testcase classname="tests.test_analysis_pipeline.TestRunPermutationAnalysis" name="test_zero_permutations_returns_empty" time="0.003" /><testcase classname="tests.test_analysis_pipeline.TestRunPermutationAnalysis" name="test_permutation_csv_in_permutation_subdir" time="64.821" /><testcase classname="tests.test_analysis_pipeline.TestRunPermutationAnalysis" name="test_permutation_result_has_auc_column" time="66.906" /><testcase classname="tests.test_data_utils.TestCreateLabelContrastThreshold" name="test_above_threshold_is_class_1" time="0.001" /><testcase classname="tests.test_data_utils.TestCreateLabelContrastThreshold" name="test_below_threshold_is_class_0" time="0.000" /><testcase classname="tests.test_data_utils.TestCreateLabelContrastThreshold" name="test_exact_threshold_is_class_0" time="0.000" /><testcase classname="tests.test_data_utils.TestCreateLabelContrastThreshold" name="test_all_rows_kept_in_threshold_mode" time="0.000" /><testcase classname="tests.test_data_utils.TestCreateLabelContrastThreshold" name="test_positive_above_false_inverts_labels" time="0.001" /><testcase classname="tests.test_data_utils.TestCreateLabelContrastThreshold" name="test_empty_dataframe_returns_empty" time="0.001" /><testcase classname="tests.test_data_utils.TestCreateLabelContrastExtremeGroups" name="test_middle_values_excluded" time="0.001" /><testcase classname="tests.test_data_utils.TestCreateLabelContrastExtremeGroups" name="test_at_low_threshold_is_class_0" time="0.001" /><testcase classname="tests.test_data_utils.TestCreateLabelContrastExtremeGroups" name="test_at_high_threshold_is_class_1" time="0.001" /><testcase classname="tests.test_data_utils.TestCreateLabelContrastExtremeGroups" name="test_extreme_groups_produce_two_classes" time="0.001" /><testcase classname="tests.test_data_utils.TestCreateLabelContrastExtremeGroups" name="test_all_middle_returns_empty" time="0.001" /><testcase classname="tests.test_data_utils.TestFilterParticipantsByBalance" name="test_removes_all_one_class" time="0.002" /><testcase classname="tests.test_data_utils.TestFilterParticipantsByBalance" name="test_keeps_exactly_at_threshold" time="0.001" /><testcase classname="tests.test_data_utils.TestFilterParticipantsByBalance" name="test_removes_just_below_threshold" time="0.001" /><testcase classname="tests.test_data_utils.TestFilterParticipantsByBalance" name="test_zero_threshold_keeps_all" time="0.000" /><testcase classname="tests.test_data_utils.TestFilterParticipantsByBalance" name="test_threshold_1_removes_all_unbalanced" time="0.001" /><testcase classname="tests.test_data_utils.TestFilterParticipantsByBalance" name="test_multiple_subjects_correct_subset" time="0.001" /><testcase classname="tests.test_data_utils.TestFilterParticipantsByBalance" name="test_output_contains_all_rows_for_kept_subjects" time="0.000" /><testcase classname="tests.test_data_utils.TestFilterParticipantsBySampleCount" name="test_removes_subject_below_threshold" time="0.001" /><testcase classname="tests.test_data_utils.TestFilterParticipantsBySampleCount" name="test_keeps_subject_at_exact_threshold" time="0.000" /><testcase classname="tests.test_data_utils.TestFilterParticipantsBySampleCount" name="test_keeps_all_above_threshold" time="0.000" /><testcase classname="tests.test_data_utils.TestFilterParticipantsBySampleCount" name="test_zero_min_samples_keeps_all" time="0.000" /><testcase classname="tests.test_data_utils.TestFilterParticipantsBySampleCount" name="test_all_removed_returns_empty" time="0.001" /><testcase classname="tests.test_data_utils.TestGetFeatureColumns" name="test_excludes_standard_metadata" time="0.000" /><testcase classname="tests.test_data_utils.TestGetFeatureColumns" name="test_returns_list" time="0.001" /><testcase classname="tests.test_data_utils.TestGetFeatureColumns" name="test_no_metadata_only_df_returns_empty" time="0.000" /><testcase classname="tests.test_data_utils.TestGetFeatureColumns" name="test_all_feature_cols_returned_from_synthetic_data" time="0.001" /><testcase classname="tests.test_data_utils.TestPivotToWide" name="test_wide_has_one_row_per_probe" time="0.012" /><testcase classname="tests.test_data_utils.TestPivotToWide" name="test_metadata_columns_preserved" time="0.003" /><testcase classname="tests.test_data_utils.TestPivotToWide" name="test_feature_columns_created" time="0.003" /><testcase classname="tests.test_data_utils.TestPivotToWide" name="test_no_missing_values_in_features" time="0.003" /><testcase classname="tests.test_data_utils.TestGetProjectRoot" name="test_returns_path" time="0.000" /><testcase classname="tests.test_data_utils.TestGetProjectRoot" name="test_root_exists" time="0.000" /><testcase classname="tests.test_data_utils.TestGetProjectRoot" name="test_root_contains_expected_directories" time="0.000" /><testcase classname="tests.test_feature_filter.TestFamilyAll" name="test_all_returns_original" time="0.001" /><testcase classname="tests.test_feature_filter.TestFamilyAll" name="test_all_with_single_column" time="0.000" /><testcase classname="tests.test_feature_filter.TestFamilyAll" name="test_all_with_many_columns" time="0.001" /><testcase classname="tests.test_feature_filter.TestFamilySpectral" name="test_selects_power_columns" time="0.000" /><testcase classname="tests.test_feature_filter.TestFamilySpectral" name="test_selects_normalized_power" time="0.000" /><testcase classname="tests.test_feature_filter.TestFamilySpectral" name="test_count_matches" time="0.000" /><testcase classname="tests.test_feature_filter.TestFamilyConnectivity" name="test_selects_wsmi_columns" time="0.000" /><testcase classname="tests.test_feature_filter.TestFamilyConnectivity" name="test_excludes_wsmi_gamma_not_in_family" time="0.000" /><testcase classname="tests.test_feature_filter.TestFamilyERP" name="test_selects_erp_components" time="0.000" /><testcase classname="tests.test_feature_filter.TestFamilyInformationTheory" name="test_selects_pe_and_kolmogorov" time="0.000" /><testcase classname="tests.test_feature_filter.TestFamilyErrors" name="test_unknown_family_raises_valueerror" time="0.000" /><testcase classname="tests.test_feature_filter.TestFamilyErrors" name="test_no_matching_columns_raises" time="0.000" /><testcase classname="tests.test_feature_filter.TestFamilyErrors" name="test_empty_dataframe_raises" time="0.000" /><testcase classname="tests.test_feature_filter.TestFamilyReturnValues" name="test_returns_dataframe" time="0.000" /><testcase classname="tests.test_feature_filter.TestFamilyReturnValues" name="test_values_preserved" time="0.000" /><testcase classname="tests.test_feature_filter.TestFamilyReturnValues" name="test_column_order_preserved" time="0.000" /><testcase classname="tests.test_feature_filter.TestFamilyReturnValues" name="test_index_preserved" time="0.000" /><testcase classname="tests.test_feature_filter.TestFamilyReturnValues" name="test_n_rows_unchanged" time="0.000" /><testcase classname="tests.test_ml_pipeline.TestBuildModelPipeline" name="test_lr_builds" time="0.001" /><testcase classname="tests.test_ml_pipeline.TestBuildModelPipeline" name="test_rf_builds" time="0.001" /><testcase classname="tests.test_ml_pipeline.TestBuildModelPipeline" name="test_invalid_model_raises" time="0.001" /><testcase classname="tests.test_ml_pipeline.TestBuildModelPipeline" name="test_feature_selection_included" time="0.001" /><testcase classname="tests.test_ml_pipeline.TestBuildModelPipeline" name="test_feature_selection_none_excluded" time="0.001" /><testcase classname="tests.test_ml_pipeline.TestBuildModelPipeline" name="test_mutual_info_selection_builds" time="0.001" /><testcase classname="tests.test_ml_pipeline.TestBuildModelPipeline" name="test_mrmr_selection_builds" time="0.001" /><testcase classname="tests.test_ml_pipeline.TestBuildModelPipeline" name="test_lmm_encoding_selection_builds" time="0.001" /><testcase classname="tests.test_ml_pipeline.TestBuildModelPipeline" name="test_standard_scaler_included" time="0.001" /><testcase classname="tests.test_ml_pipeline.TestBuildModelPipeline" name="test_minmax_scaler_included" time="0.001" /><testcase classname="tests.test_ml_pipeline.TestBuildModelPipeline" name="test_robust_scaler_included" time="0.001" /><testcase classname="tests.test_ml_pipeline.TestBuildModelPipeline" name="test_no_scaler" time="0.001" /><testcase classname="tests.test_ml_pipeline.TestBuildModelPipeline" name="test_pca_included" time="0.001" /><testcase classname="tests.test_ml_pipeline.TestBuildModelPipeline" name="test_no_pca_by_default" time="0.001" /><testcase classname="tests.test_ml_pipeline.TestBuildModelPipeline" name="test_smote_included" time="0.001" /><testcase classname="tests.test_ml_pipeline.TestBuildModelPipeline" name="test_no_smote_by_default" time="0.001" /><testcase classname="tests.test_ml_pipeline.TestBuildModelPipeline" name="test_pipeline_fits_and_predicts" time="0.023" /><testcase classname="tests.test_ml_pipeline.TestBuildModelPipeline" name="test_rf_predicts_proba" time="0.075" /><testcase classname="tests.test_ml_pipeline.TestBuildModelPipeline" name="test_k_all_uses_all_features" time="0.016" /><testcase classname="tests.test_ml_pipeline.TestRunModelPipelineCVLOSO" name="test_returns_dataframe" time="11.771" /><testcase classname="tests.test_ml_pipeline.TestRunModelPipelineCVLOSO" name="test_has_all_metric_columns" time="10.079" /><testcase classname="tests.test_ml_pipeline.TestRunModelPipelineCVLOSO" name="test_fold_details_keys" time="9.631" /><testcase classname="tests.test_ml_pipeline.TestRunModelPipelineCVLOSO" name="test_no_subject_leakage" time="10.501" /><testcase classname="tests.test_ml_pipeline.TestRunModelPipelineCVLOSO" name="test_n_folds_equals_n_subjects" time="8.954" /><testcase classname="tests.test_ml_pipeline.TestRunModelPipelineCVLOSO" name="test_one_subject_per_fold" time="10.648" /><testcase classname="tests.test_ml_pipeline.TestRunModelPipelineCVLOSO" name="test_subject_metrics_one_per_subject" time="9.359" /><testcase classname="tests.test_ml_pipeline.TestRunModelPipelineCVLOSO" name="test_subject_metrics_subjects_match_groups" time="10.276" /><testcase classname="tests.test_ml_pipeline.TestRunModelPipelineCVLOSO" name="test_auc_in_valid_range" time="10.898" /><testcase classname="tests.test_ml_pipeline.TestRunModelPipelineCVLOSO" name="test_auprc_in_valid_range" time="9.652" /><testcase classname="tests.test_ml_pipeline.TestRunModelPipelineCVLOSO" name="test_mcc_in_valid_range" time="9.458" /><testcase classname="tests.test_ml_pipeline.TestRunModelPipelineCVLOSO" name="test_balanced_accuracy_in_valid_range" time="10.701" /><testcase classname="tests.test_ml_pipeline.TestRunModelPipelineCVLOSO" name="test_same_seed_same_auc" time="20.232" /><testcase classname="tests.test_ml_pipeline.TestRunModelPipelineCVLOSO" name="test_different_seed_may_differ" time="22.753" /><testcase classname="tests.test_ml_pipeline.TestRunModelPipelineCVLOSO" name="test_rf_model_runs" time="10.457" /><testcase classname="tests.test_ml_pipeline.TestRunModelPipelineCVLOSO" name="test_within_subject_smote_runs" time="11.029" /><testcase classname="tests.test_ml_pipeline.TestRunModelPipelineCVLOSO" name="test_global_scaling_runs" time="10.080" /><testcase classname="tests.test_ml_pipeline.TestRunModelPipelineCVLOSO" name="test_within_scaling_runs" time="11.572" /><testcase classname="tests.test_ml_pipeline.TestRunModelPipelineCVLOSO" name="test_fold_auc_std_computed" time="12.846" /><testcase classname="tests.test_ml_pipeline.TestOversampling" name="test_get_smote" time="0.000" /><testcase classname="tests.test_ml_pipeline.TestOversampling" name="test_get_svmsmote" time="0.000" /><testcase classname="tests.test_ml_pipeline.TestOversampling" name="test_get_adasyn" time="0.000" /><testcase classname="tests.test_ml_pipeline.TestOversampling" name="test_get_smotetomek" time="0.000" /><testcase classname="tests.test_ml_pipeline.TestOversampling" name="test_unknown_method_raises" time="0.000" /><testcase classname="tests.test_ml_pipeline.TestOversampling" name="test_within_oversampling_increases_minority" time="0.003" /><testcase classname="tests.test_ml_pipeline.TestOversampling" name="test_within_oversampling_no_error_single_class" time="0.002" /><testcase classname="tests.test_ml_pipeline.TestOversampling" name="test_within_oversampling_preserves_subjects" time="0.004" /><testcase classname="tests.test_ml_pipeline.TestMRMRFeatureSelector" name="test_selects_k_features" time="0.214" /><testcase classname="tests.test_ml_pipeline.TestMRMRFeatureSelector" name="test_transforms_correctly" time="2.176" /><testcase classname="tests.test_ml_pipeline.TestMRMRFeatureSelector" name="test_not_fitted_raises" time="0.001" /><testcase classname="tests.test_ml_pipeline.TestMRMRFeatureSelector" name="test_k_capped_at_n_features" time="4.620" /><testcase classname="tests.test_ml_pipeline.TestLMMEncodingFeatureSelector" name="test_requires_groups" time="0.001" /><testcase classname="tests.test_ml_pipeline.TestLMMEncodingFeatureSelector" name="test_selects_k_features_with_groups" time="1.525" /><testcase classname="tests.test_ml_pipeline.TestLMMEncodingFeatureSelector" name="test_pvalues_in_zero_one" time="0.025" /><testcase classname="tests.test_performance" name="test_pipeline_learns_good_data" time="24.064" /><testcase classname="tests.test_performance" name="test_pipeline_fails_on_random_noise" time="23.872" /></testsuite></testsuites>